<?xml version="1.0" encoding="UTF-8"?>
<!-- Generated by org.testng.reporters.JUnitXMLReporter -->
<testsuite ignored="19" hostname="DESKTOP-Q1AIC31" failures="0" tests="1" name="Default test" time="30.878" errors="0" timestamp="2026-06-10T21:59:48 IST">
  <testcase classname="Capstone_Project.BaseTest" name="Search" time="17.51"/>
  <testcase classname="Capstone_Project.BaseTest" name="GUI_ELEMENTSEmail" time="0.0">
    <ignored/>
  </testcase> <!-- GUI_ELEMENTSEmail -->
  <testcase classname="Capstone_Project.BaseTest" name="multiple_windowHandling" time="0.0">
    <ignored/>
  </testcase> <!-- multiple_windowHandling -->
  <testcase classname="Capstone_Project.BaseTest" name="Broken_Links" time="0.0">
    <ignored/>
  </testcase> <!-- Broken_Links -->
  <testcase classname="Capstone_Project.BaseTest" name="Scrolling_Dropdown" time="0.0">
    <ignored/>
  </testcase> <!-- Scrolling_Dropdown -->
  <testcase classname="Capstone_Project.BaseTest" name="DragandDrop" time="0.0">
    <ignored/>
  </testcase> <!-- DragandDrop -->
  <testcase classname="Capstone_Project.BaseTest" name="DoubleClick" time="0.0">
    <ignored/>
  </testcase> <!-- DoubleClick -->
  <testcase classname="Capstone_Project.BaseTest" name="AlertsandPopups" time="0.0">
    <ignored/>
  </testcase> <!-- AlertsandPopups -->
  <testcase classname="Capstone_Project.BaseTest" name="Slider" time="0.0">
    <ignored/>
  </testcase> <!-- Slider -->
  <testcase classname="Capstone_Project.BaseTest" name="GUI_ELEMENTSMobileNumber" time="0.0">
    <ignored/>
  </testcase> <!-- GUI_ELEMENTSMobileNumber -->
  <testcase classname="Capstone_Project.BaseTest" name="GUI_ELEMENTSName" time="0.0">
    <ignored/>
  </testcase> <!-- GUI_ELEMENTSName -->
  <testcase classname="Capstone_Project.BaseTest" name="window_Handling" time="0.0">
    <ignored/>
  </testcase> <!-- window_Handling -->
  <testcase classname="Capstone_Project.BaseTest" name="Pagination_Table" time="0.0">
    <ignored/>
  </testcase> <!-- Pagination_Table -->
  <testcase classname="Capstone_Project.BaseTest" name="GUI_ELEMENTSAAddress" time="0.0">
    <ignored/>
  </testcase> <!-- GUI_ELEMENTSAAddress -->
  <testcase classname="Capstone_Project.BaseTest" name="uploadfiles" time="0.0">
    <ignored/>
  </testcase> <!-- uploadfiles -->
  <testcase classname="Capstone_Project.BaseTest" name="Radio_and_CheckButtons" time="0.0">
    <ignored/>
  </testcase> <!-- Radio_and_CheckButtons -->
  <testcase classname="Capstone_Project.BaseTest" name="LaptopLinks" time="0.0">
    <ignored/>
  </testcase> <!-- LaptopLinks -->
  <testcase classname="Capstone_Project.BaseTest" name="Mouse_Hover" time="0.0">
    <ignored/>
  </testcase> <!-- Mouse_Hover -->
  <testcase classname="Capstone_Project.BaseTest" name="Dynamicbutton" time="0.0">
    <ignored/>
  </testcase> <!-- Dynamicbutton -->
  <testcase classname="Capstone_Project.BaseTest" name="Forms" time="0.0">
    <ignored/>
  </testcase> <!-- Forms -->
</testsuite> <!-- Default test -->
