<?xml version="1.0" encoding="UTF-8"?>
<testng-results ignored="19" total="20" passed="1" failed="0" skipped="0">
  <reporter-output>
  </reporter-output>
  <suite started-at="2026-06-10T21:59:17 IST" name="Default suite" finished-at="2026-06-10T21:59:48 IST" duration-ms="30878">
    <groups>
    </groups>
    <test started-at="2026-06-10T21:59:17 IST" name="Default test" finished-at="2026-06-10T21:59:48 IST" duration-ms="30878">
      <class name="Capstone_Project.BaseTest">
        <test-method is-config="true" signature="beforeMethod()[pri:0, instance:Capstone_Project.BaseTest@139982de]" started-at="2026-06-10T21:59:17 IST" name="beforeMethod" finished-at="2026-06-10T21:59:30 IST" duration-ms="12704" status="PASS">
          <reporter-output>
          </reporter-output>
        </test-method> <!-- beforeMethod -->
        <test-method signature="Search(java.lang.String)[pri:9, instance:Capstone_Project.BaseTest@139982de]" started-at="2026-06-10T21:59:30 IST" name="Search" data-provider="searchdata" finished-at="2026-06-10T21:59:47 IST" duration-ms="17510" status="PASS">
          <params>
            <param index="0">
              <value>
                <![CDATA[Books]]>
              </value>
            </param>
          </params>
          <reporter-output>
          </reporter-output>
        </test-method> <!-- Search -->
        <test-method is-config="true" signature="afterMethod()[pri:0, instance:Capstone_Project.BaseTest@139982de]" started-at="2026-06-10T21:59:47 IST" name="afterMethod" finished-at="2026-06-10T21:59:48 IST" duration-ms="561" status="PASS">
          <reporter-output>
          </reporter-output>
        </test-method> <!-- afterMethod -->
      </class> <!-- Capstone_Project.BaseTest -->
    </test> <!-- Default test -->
  </suite> <!-- Default suite -->
</testng-results>
