<?xml version="1.0" encoding="UTF-8"?>
<!-- Generated by org.testng.reporters.JUnitXMLReporter -->
<testsuite ignored="0" hostname="DESKTOP-Q1AIC31" failures="1" tests="34" name="Test" time="1164.975" errors="0" timestamp="2026-06-10T21:49:51 IST">
  <testcase classname="Capstone_Project.BaseTest" name="GUI_ELEMENTSName" time="9.28"/>
  <testcase classname="Capstone_Project.BaseTest" name="GUI_ELEMENTSName" time="9.314"/>
  <testcase classname="Capstone_Project.BaseTest" name="GUI_ELEMENTSName" time="9.27"/>
  <testcase classname="Capstone_Project.BaseTest" name="GUI_ELEMENTSName" time="9.239"/>
  <testcase classname="Capstone_Project.BaseTest" name="GUI_ELEMENTSName" time="9.216"/>
  <testcase classname="Capstone_Project.BaseTest" name="GUI_ELEMENTSEmail" time="9.258"/>
  <testcase classname="Capstone_Project.BaseTest" name="GUI_ELEMENTSEmail" time="9.285"/>
  <testcase classname="Capstone_Project.BaseTest" name="GUI_ELEMENTSEmail" time="9.217"/>
  <testcase classname="Capstone_Project.BaseTest" name="GUI_ELEMENTSEmail" time="9.215"/>
  <testcase classname="Capstone_Project.BaseTest" name="GUI_ELEMENTSMobileNumber" time="9.157"/>
  <testcase classname="Capstone_Project.BaseTest" name="GUI_ELEMENTSMobileNumber" time="9.207"/>
  <testcase classname="Capstone_Project.BaseTest" name="GUI_ELEMENTSMobileNumber" time="9.232"/>
  <testcase classname="Capstone_Project.BaseTest" name="GUI_ELEMENTSMobileNumber" time="9.184"/>
  <testcase classname="Capstone_Project.BaseTest" name="GUI_ELEMENTSMobileNumber" time="9.18"/>
  <testcase classname="Capstone_Project.BaseTest" name="GUI_ELEMENTSAAddress" time="9.222"/>
  <testcase classname="Capstone_Project.BaseTest" name="GUI_ELEMENTSAAddress" time="9.173"/>
  <testcase classname="Capstone_Project.BaseTest" name="GUI_ELEMENTSAAddress" time="9.165"/>
  <testcase classname="Capstone_Project.BaseTest" name="GUI_ELEMENTSAAddress" time="9.242"/>
  <testcase classname="Capstone_Project.BaseTest" name="Radio_and_CheckButtons" time="71.463"/>
  <testcase classname="Capstone_Project.BaseTest" name="uploadfiles" time="9.137"/>
  <testcase classname="Capstone_Project.BaseTest" name="Pagination_Table" time="74.13"/>
  <testcase classname="Capstone_Project.BaseTest" name="Forms" time="21.714"/>
  <testcase classname="Capstone_Project.BaseTest" name="Search" time="11.274">
    <failure type="org.openqa.selenium.NoSuchElementException" message="no such element: Unable to locate element: {&amp;quot;method&amp;quot;:&amp;quot;link text&amp;quot;,&amp;quot;selector&amp;quot;:&amp;quot;Book&amp;quot;}
  (Session info: chrome=149.0.7827.103)
For documentation on this error, please visit: https://www.selenium.dev/documentation/webdriver/troubleshooting/errors#no-such-element-exception
Build info: version: &amp;apos;4.33.0&amp;apos;, revision: &amp;apos;2c6aaad03a&amp;apos;
System info: os.name: &amp;apos;Windows 11&amp;apos;, os.arch: &amp;apos;amd64&amp;apos;, os.version: &amp;apos;10.0&amp;apos;, java.version: &amp;apos;21.0.10&amp;apos;
Driver info: org.openqa.selenium.chrome.ChromeDriver
Command: [f7807cd4a0e08438a95c242f10b4b1c7, findElement {using=link text, value=Book}]
Capabilities {acceptInsecureCerts: false, browserName: chrome, browserVersion: 149.0.7827.103, chrome: {chromedriverVersion: 149.0.7827.55 (3188f8a607ae..., userDataDir: C:\Users\SOWMIT~1\AppData\L...}, fedcm:accounts: true, goog:chromeOptions: {debuggerAddress: localhost:65356}, goog:processID: 60356, networkConnectionEnabled: false, pageLoadStrategy: normal, platformName: windows, proxy: Proxy(), se:cdp: ws://localhost:65356/devtoo..., se:cdpVersion: 149.0.7827.103, setWindowRect: true, strictFileInteractability: false, timeouts: {implicit: 0, pageLoad: 300000, script: 30000}, unhandledPromptBehavior: dismiss and notify, webauthn:extension:credBlob: true, webauthn:extension:largeBlob: true, webauthn:extension:minPinLength: true, webauthn:extension:prf: true, webauthn:virtualAuthenticators: true}
Session ID: f7807cd4a0e08438a95c242f10b4b1c7">
      <![CDATA[org.openqa.selenium.NoSuchElementException: no such element: Unable to locate element: {"method":"link text","selector":"Book"}
  (Session info: chrome=149.0.7827.103)
For documentation on this error, please visit: https://www.selenium.dev/documentation/webdriver/troubleshooting/errors#no-such-element-exception
Build info: version: '4.33.0', revision: '2c6aaad03a'
System info: os.name: 'Windows 11', os.arch: 'amd64', os.version: '10.0', java.version: '21.0.10'
Driver info: org.openqa.selenium.chrome.ChromeDriver
Command: [f7807cd4a0e08438a95c242f10b4b1c7, findElement {using=link text, value=Book}]
Capabilities {acceptInsecureCerts: false, browserName: chrome, browserVersion: 149.0.7827.103, chrome: {chromedriverVersion: 149.0.7827.55 (3188f8a607ae..., userDataDir: C:\Users\SOWMIT~1\AppData\L...}, fedcm:accounts: true, goog:chromeOptions: {debuggerAddress: localhost:65356}, goog:processID: 60356, networkConnectionEnabled: false, pageLoadStrategy: normal, platformName: windows, proxy: Proxy(), se:cdp: ws://localhost:65356/devtoo..., se:cdpVersion: 149.0.7827.103, setWindowRect: true, strictFileInteractability: false, timeouts: {implicit: 0, pageLoad: 300000, script: 30000}, unhandledPromptBehavior: dismiss and notify, webauthn:extension:credBlob: true, webauthn:extension:largeBlob: true, webauthn:extension:minPinLength: true, webauthn:extension:prf: true, webauthn:virtualAuthenticators: true}
Session ID: f7807cd4a0e08438a95c242f10b4b1c7
at org.openqa.selenium.remote.ErrorCodec.decode(ErrorCodec.java:167)
at org.openqa.selenium.remote.codec.w3c.W3CHttpResponseCodec.decode(W3CHttpResponseCodec.java:138)
at org.openqa.selenium.remote.codec.w3c.W3CHttpResponseCodec.decode(W3CHttpResponseCodec.java:50)
at org.openqa.selenium.remote.HttpCommandExecutor.execute(HttpCommandExecutor.java:215)
at org.openqa.selenium.remote.service.DriverCommandExecutor.invokeExecute(DriverCommandExecutor.java:216)
at org.openqa.selenium.remote.service.DriverCommandExecutor.execute(DriverCommandExecutor.java:174)
at org.openqa.selenium.remote.RemoteWebDriver.execute(RemoteWebDriver.java:544)
at org.openqa.selenium.remote.ElementLocation$ElementFinder$2.findElement(ElementLocation.java:165)
at org.openqa.selenium.remote.ElementLocation.findElement(ElementLocation.java:59)
at org.openqa.selenium.remote.RemoteWebDriver.findElement(RemoteWebDriver.java:367)
at org.openqa.selenium.remote.RemoteWebDriver.findElement(RemoteWebDriver.java:361)
at POM.POM_Implementation.search(POM_Implementation.java:577)
at Capstone_Project.BaseTest.Search(BaseTest.java:234)
at java.base/java.util.ArrayList.forEach(ArrayList.java:1596)
... Removed 28 stack frames]]>
    </failure>
  </testcase> <!-- Search -->
  <testcase classname="Capstone_Project.BaseTest" name="Dynamicbutton" time="3.129"/>
  <testcase classname="Capstone_Project.BaseTest" name="AlertsandPopups" time="15.424"/>
  <testcase classname="Capstone_Project.BaseTest" name="window_Handling" time="6.173"/>
  <testcase classname="Capstone_Project.BaseTest" name="multiple_windowHandling" time="8.391"/>
  <testcase classname="Capstone_Project.BaseTest" name="Mouse_Hover" time="3.183"/>
  <testcase classname="Capstone_Project.BaseTest" name="DoubleClick" time="6.195"/>
  <testcase classname="Capstone_Project.BaseTest" name="DragandDrop" time="6.36"/>
  <testcase classname="Capstone_Project.BaseTest" name="Slider" time="9.884"/>
  <testcase classname="Capstone_Project.BaseTest" name="Scrolling_Dropdown" time="9.292"/>
  <testcase classname="Capstone_Project.BaseTest" name="LaptopLinks" time="96.243"/>
  <testcase classname="Capstone_Project.BaseTest" name="Broken_Links" time="110.066"/>
</testsuite> <!-- Test -->
